Build started 7/21/2020 23:45:26.
     1>Project "c:\Users\Max\documents\visual studio 2010\Projects\Hw2\Hw2\Hw2.vcxproj" on node 2 (build target(s)).
     1>PrepareForBuild:
         Creating directory "c:\users\max\documents\visual studio 2010\Projects\Hw2\Debug\".
       InitializeBuildStatus:
         Creating "Debug\Hw2.unsuccessfulbuild" because "AlwaysCreate" was specified.
       ClCompile:
         C:\Program Files (x86)\Microsoft Visual Studio 10.0\VC\bin\CL.exe /c /ZI /nologo /W3 /WX- /Od /Oy- /D WIN32 /D _DEBUG /D _CONSOLE /D _UNICODE /D UNICODE /Gm /EHsc /RTC1 /MDd /GS /fp:precise /Zc:wchar_t /Zc:forScope /Fo"Debug\\" /Fd"Debug\vc100.pdb" /Gd /TP /analyze- /errorReport:prompt Hw2.cpp
         Hw2.cpp
       ManifestResourceCompile:
         C:\Program Files (x86)\Microsoft SDKs\Windows\v7.0A\bin\rc.exe /nologo /fo"Debug\Hw2.exe.embed.manifest.res" Debug\Hw2_manifest.rc 
       Link:
         C:\Program Files (x86)\Microsoft Visual Studio 10.0\VC\bin\link.exe /ERRORREPORT:PROMPT /OUT:"c:\users\max\documents\visual studio 2010\Projects\Hw2\Debug\Hw2.exe" /INCREMENTAL /NOLOGO kernel32.lib user32.lib gdi32.lib winspool.lib comdlg32.lib advapi32.lib shell32.lib ole32.lib oleaut32.lib uuid.lib odbc32.lib odbccp32.lib /MANIFEST /ManifestFile:"Debug\Hw2.exe.intermediate.manifest" /MANIFESTUAC:"level='asInvoker' uiAccess='false'" /DEBUG /PDB:"c:\users\max\documents\visual studio 2010\Projects\Hw2\Debug\Hw2.pdb" /SUBSYSTEM:CONSOLE /TLBID:1 /DYNAMICBASE /NXCOMPAT /IMPLIB:"c:\users\max\documents\visual studio 2010\Projects\Hw2\Debug\Hw2.lib" /MACHINE:X86 Debug\Hw2.exe.embed.manifest.res
         Debug\Hw2.obj
       Manifest:
         C:\Program Files (x86)\Microsoft SDKs\Windows\v7.0A\bin\mt.exe /nologo /verbose /out:"Debug\Hw2.exe.embed.manifest" /manifest Debug\Hw2.exe.intermediate.manifest
         C:\Program Files (x86)\Microsoft SDKs\Windows\v7.0A\bin\rc.exe /nologo /fo"Debug\Hw2.exe.embed.manifest.res" Debug\Hw2_manifest.rc 
       LinkEmbedManifest:
         C:\Program Files (x86)\Microsoft Visual Studio 10.0\VC\bin\link.exe /ERRORREPORT:PROMPT /OUT:"c:\users\max\documents\visual studio 2010\Projects\Hw2\Debug\Hw2.exe" /INCREMENTAL /NOLOGO kernel32.lib user32.lib gdi32.lib winspool.lib comdlg32.lib advapi32.lib shell32.lib ole32.lib oleaut32.lib uuid.lib odbc32.lib odbccp32.lib /MANIFEST /ManifestFile:"Debug\Hw2.exe.intermediate.manifest" /MANIFESTUAC:"level='asInvoker' uiAccess='false'" /DEBUG /PDB:"c:\users\max\documents\visual studio 2010\Projects\Hw2\Debug\Hw2.pdb" /SUBSYSTEM:CONSOLE /TLBID:1 /DYNAMICBASE /NXCOMPAT /IMPLIB:"c:\users\max\documents\visual studio 2010\Projects\Hw2\Debug\Hw2.lib" /MACHINE:X86 Debug\Hw2.exe.embed.manifest.res
         Debug\Hw2.obj
         Hw2.vcxproj -> c:\users\max\documents\visual studio 2010\Projects\Hw2\Debug\Hw2.exe
       FinalizeBuildStatus:
         Deleting file "Debug\Hw2.unsuccessfulbuild".
         Touching "Debug\Hw2.lastbuildstate".
     1>Done Building Project "c:\Users\Max\documents\visual studio 2010\Projects\Hw2\Hw2\Hw2.vcxproj" (build target(s)).

Build succeeded.

Time Elapsed 00:00:06.71
